<?xml version="1.0" encoding="UTF-8"?>
<!-- Generated by org.testng.reporters.JUnitReportReporter -->
<testsuite hostname="WSD011" name="com.uat.TestCases.VerifyLoginFucntionality" tests="2" failures="0" timestamp="3 Mar 2017 08:02:29 GMT" time="25.638" errors="0">
  <testcase name="verifyValidLogin" time="15.131" classname="com.uat.TestCases.VerifyLoginFucntionality"/>
  <testcase name="verifyValidLogin" time="10.507" classname="com.uat.TestCases.VerifyLoginFucntionality"/>
</testsuite> <!-- com.uat.TestCases.VerifyLoginFucntionality -->
